<?xml version="1.0" encoding="UTF-8"?>
<!-- Generated by org.testng.reporters.JUnitXMLReporter -->
<testsuite ignored="2" hostname="User-VAIO" failures="0" tests="1" name="Surefire test" time="27.595" errors="0" timestamp="2022-10-14T15:13:11 IST">
  <testcase classname="co.makemytrip.testsenarios.TestCases" name="Allcalls" time="6.583"/>
  <testcase classname="co.makemytrip.testsenarios.Testbase" name="@AfterTest teardown" time="0.0">
    <ignored/>
  </testcase> <!-- @AfterTest teardown -->
  <testcase classname="co.makemytrip.testsenarios.Testbase" name="@BeforeTest initialize" time="0.0">
    <ignored/>
  </testcase> <!-- @BeforeTest initialize -->
</testsuite> <!-- Surefire test -->
