<?xml version="1.0" encoding="UTF-8"?>
<testng-results ignored="2" total="3" passed="1" failed="0" skipped="0">
  <reporter-output>
  </reporter-output>
  <suite started-at="2022-10-04T17:13:12 IST" name="Surefire suite" finished-at="2022-10-04T17:13:37 IST" duration-ms="25105">
    <groups>
    </groups>
    <test started-at="2022-10-04T17:13:12 IST" name="Surefire test" finished-at="2022-10-04T17:13:37 IST" duration-ms="25105">
      <class name="co.makemytrip.testsenarios.TestCases">
        <test-method signature="Allcalls()[pri:0, instance:co.makemytrip.testsenarios.TestCases@3c947bc5]" started-at="2022-10-04T17:13:28 IST" name="Allcalls" finished-at="2022-10-04T17:13:29 IST" duration-ms="1402" status="PASS">
          <reporter-output>
          </reporter-output>
        </test-method> <!-- Allcalls -->
      </class> <!-- co.makemytrip.testsenarios.TestCases -->
      <class name="co.makemytrip.testsenarios.Testbase">
        <test-method is-config="true" signature="initialize()[pri:0, instance:co.makemytrip.testsenarios.Testbase@45ca843]" started-at="2022-10-04T17:13:12 IST" name="initialize" finished-at="2022-10-04T17:13:28 IST" duration-ms="15669" status="PASS">
          <reporter-output>
          </reporter-output>
        </test-method> <!-- initialize -->
        <test-method is-config="true" signature="teardown()[pri:0, instance:co.makemytrip.testsenarios.Testbase@45ca843]" started-at="2022-10-04T17:13:29 IST" name="teardown" finished-at="2022-10-04T17:13:37 IST" duration-ms="7978" status="PASS">
          <reporter-output>
          </reporter-output>
        </test-method> <!-- teardown -->
      </class> <!-- co.makemytrip.testsenarios.Testbase -->
    </test> <!-- Surefire test -->
  </suite> <!-- Surefire suite -->
</testng-results>
